[    0.000000] Initializing cgroup subsys cpuset
[    0.000000] Initializing cgroup subsys cpu
[    0.000000] Initializing cgroup subsys cpuacct
[    0.000000] Linux version 4.4.0-157-generic (buildd@lgw01-amd64-037) (gcc version 5.4.0 20160609 (Ubuntu 5.4.0-6ubuntu1~16.04.10) ) #185-Ubuntu SMP Tue Jul 23 09:17:01 UTC 2019 (Ubuntu 4.4.0-157.185-generic 4.4.181)
[    0.000000] Command line: BOOT_IMAGE=/boot/vmlinuz-4.4.0-157-generic root=LABEL=cloudimg-rootfs ro console=tty1 console=ttyS0
[    0.000000] KERNEL supported cpus:
[    0.000000]   Intel GenuineIntel
[    0.000000]   AMD AuthenticAMD
[    0.000000]   Centaur CentaurHauls
[    0.000000] x86/fpu: xstate_offset[2]:  576, xstate_sizes[2]:  256
[    0.000000] x86/fpu: Supporting XSAVE feature 0x01: 'x87 floating point registers'
[    0.000000] x86/fpu: Supporting XSAVE feature 0x02: 'SSE registers'
[    0.000000] x86/fpu: Supporting XSAVE feature 0x04: 'AVX registers'
[    0.000000] x86/fpu: Enabled xstate features 0x7, context size is 832 bytes, using 'standard' format.
[    0.000000] e820: BIOS-provided physical RAM map:
[    0.000000] BIOS-e820: [mem 0x0000000000000000-0x000000000009fbff] usable
[    0.000000] BIOS-e820: [mem 0x000000000009fc00-0x000000000009ffff] reserved
[    0.000000] BIOS-e820: [mem 0x00000000000f0000-0x00000000000fffff] reserved
[    0.000000] BIOS-e820: [mem 0x0000000000100000-0x000000003ffeffff] usable
[    0.000000] BIOS-e820: [mem 0x000000003fff0000-0x000000003fffffff] ACPI data
[    0.000000] BIOS-e820: [mem 0x00000000fec00000-0x00000000fec00fff] reserved
[    0.000000] BIOS-e820: [mem 0x00000000fee00000-0x00000000fee00fff] reserved
[    0.000000] BIOS-e820: [mem 0x00000000fffc0000-0x00000000ffffffff] reserved
[    0.000000] NX (Execute Disable) protection: active
[    0.000000] SMBIOS 2.5 present.
[    0.000000] Hypervisor detected: KVM
[    0.000000] e820: last_pfn = 0x3fff0 max_arch_pfn = 0x400000000
[    0.000000] MTRR: Disabled
[    0.000000] x86/PAT: MTRRs disabled, skipping PAT initialization too.
[    0.000000] CPU MTRRs all blank - virtualized system.
[    0.000000] x86/PAT: Configuration [0-7]: WB  WT  UC- UC  WB  WT  UC- UC  
[    0.000000] found SMP MP-table at [mem 0x0009fff0-0x0009ffff] mapped at [ffff88000009fff0]
[    0.000000] Scanning 1 areas for low memory corruption
[    0.000000] RAMDISK: [mem 0x362fc000-0x37175fff]
[    0.000000] ACPI: Early table checksum verification disabled
[    0.000000] ACPI: RSDP 0x00000000000E0000 000024 (v02 VBOX  )
[    0.000000] ACPI: XSDT 0x000000003FFF0030 00003C (v01 VBOX   VBOXXSDT 00000001 ASL  00000061)
[    0.000000] ACPI: FACP 0x000000003FFF00F0 0000F4 (v04 VBOX   VBOXFACP 00000001 ASL  00000061)
[    0.000000] ACPI: DSDT 0x000000003FFF0470 0022EA (v02 VBOX   VBOXBIOS 00000002 INTL 20100528)
[    0.000000] ACPI: FACS 0x000000003FFF0200 000040
[    0.000000] ACPI: FACS 0x000000003FFF0200 000040
[    0.000000] ACPI: APIC 0x000000003FFF0240 00005C (v02 VBOX   VBOXAPIC 00000001 ASL  00000061)
[    0.000000] ACPI: SSDT 0x000000003FFF02A0 0001CC (v01 VBOX   VBOXCPUT 00000002 INTL 20100528)
[    0.000000] No NUMA configuration found
[    0.000000] Faking a node at [mem 0x0000000000000000-0x000000003ffeffff]
[    0.000000] NODE_DATA(0) allocated [mem 0x3ffeb000-0x3ffeffff]
[    0.000000] kvm-clock: Using msrs 4b564d01 and 4b564d00
[    0.000000] kvm-clock: cpu 0, msr 0:3ffe3001, primary cpu clock
[    0.000000] kvm-clock: using sched offset of 3893902841 cycles
[    0.000000] clocksource: kvm-clock: mask: 0xffffffffffffffff max_cycles: 0x1cd42e4dffb, max_idle_ns: 881590591483 ns
[    0.000000] Zone ranges:
[    0.000000]   DMA      [mem 0x0000000000001000-0x0000000000ffffff]
[    0.000000]   DMA32    [mem 0x0000000001000000-0x000000003ffeffff]
[    0.000000]   Normal   empty
[    0.000000]   Device   empty
[    0.000000] Movable zone start for each node
[    0.000000] Early memory node ranges
[    0.000000]   node   0: [mem 0x0000000000001000-0x000000000009efff]
[    0.000000]   node   0: [mem 0x0000000000100000-0x000000003ffeffff]
[    0.000000] Initmem setup node 0 [mem 0x0000000000001000-0x000000003ffeffff]
[    0.000000] ACPI: PM-Timer IO Port: 0x4008
[    0.000000] IOAPIC[0]: apic_id 2, version 32, address 0xfec00000, GSI 0-23
[    0.000000] ACPI: INT_SRC_OVR (bus 0 bus_irq 0 global_irq 2 dfl dfl)
[    0.000000] ACPI: INT_SRC_OVR (bus 0 bus_irq 9 global_irq 9 low level)
[    0.000000] Using ACPI (MADT) for SMP configuration information
[    0.000000] smpboot: Allowing 2 CPUs, 0 hotplug CPUs
[    0.000000] PM: Registered nosave memory: [mem 0x00000000-0x00000fff]
[    0.000000] PM: Registered nosave memory: [mem 0x0009f000-0x0009ffff]
[    0.000000] PM: Registered nosave memory: [mem 0x000a0000-0x000effff]
[    0.000000] PM: Registered nosave memory: [mem 0x000f0000-0x000fffff]
[    0.000000] e820: [mem 0x40000000-0xfebfffff] available for PCI devices
[    0.000000] Booting paravirtualized kernel on KVM
[    0.000000] clocksource: refined-jiffies: mask: 0xffffffff max_cycles: 0xffffffff, max_idle_ns: 7645519600211568 ns
[    0.000000] setup_percpu: NR_CPUS:512 nr_cpumask_bits:512 nr_cpu_ids:2 nr_node_ids:1
[    0.000000] PERCPU: Embedded 34 pages/cpu @ffff88003fc00000 s99544 r8192 d31528 u1048576
[    0.000000] Built 1 zonelists in Node order, mobility grouping on.  Total pages: 257912
[    0.000000] Policy zone: DMA32
[    0.000000] Kernel command line: BOOT_IMAGE=/boot/vmlinuz-4.4.0-157-generic root=LABEL=cloudimg-rootfs ro console=tty1 console=ttyS0
[    0.000000] PID hash table entries: 4096 (order: 3, 32768 bytes)
[    0.000000] Memory: 997736K/1048120K available (8618K kernel code, 1335K rwdata, 4032K rodata, 1484K init, 1284K bss, 50384K reserved, 0K cma-reserved)
[    0.000000] SLUB: HWalign=64, Order=0-3, MinObjects=0, CPUs=2, Nodes=1
[    0.000000] Kernel/User page tables isolation: enabled
[    0.000000] Hierarchical RCU implementation.
[    0.000000] 	Build-time adjustment of leaf fanout to 64.
[    0.000000] 	RCU restricting CPUs from NR_CPUS=512 to nr_cpu_ids=2.
[    0.000000] RCU: Adjusting geometry for rcu_fanout_leaf=64, nr_cpu_ids=2
[    0.000000] NR_IRQS:33024 nr_irqs:440 16
[    0.000000] Console: colour VGA+ 80x25
[    0.000000] console [tty1] enabled
[    0.000000] console [ttyS0] enabled
[    0.000000] tsc: Detected 2712.000 MHz processor
[    0.220969] Calibrating delay loop (skipped) preset value.. 5424.00 BogoMIPS (lpj=10848000)
[    0.223584] pid_max: default: 32768 minimum: 301
[    0.225095] ACPI: Core revision 20150930
[    0.227248] ACPI: 2 ACPI AML tables successfully acquired and loaded
[    0.229071] Security Framework initialized
[    0.230469] Yama: becoming mindful.
[    0.231462] AppArmor: AppArmor initialized
[    0.233132] Dentry cache hash table entries: 131072 (order: 8, 1048576 bytes)
[    0.237030] Inode-cache hash table entries: 65536 (order: 7, 524288 bytes)
[    0.238744] Mount-cache hash table entries: 2048 (order: 2, 16384 bytes)
[    0.240667] Mountpoint-cache hash table entries: 2048 (order: 2, 16384 bytes)
[    0.242207] Initializing cgroup subsys io
[    0.243993] Initializing cgroup subsys memory
[    0.245479] Initializing cgroup subsys devices
[    0.246916] Initializing cgroup subsys freezer
[    0.248532] Initializing cgroup subsys net_cls
[    0.249868] Initializing cgroup subsys perf_event
[    0.251138] Initializing cgroup subsys net_prio
[    0.252308] Initializing cgroup subsys hugetlb
[    0.253780] Initializing cgroup subsys pids
[    0.256372] mce: CPU supports 0 MCE banks
[    0.257848] Last level iTLB entries: 4KB 64, 2MB 8, 4MB 8
[    0.260094] Last level dTLB entries: 4KB 64, 2MB 0, 4MB 0, 1GB 4
[    0.261873] Spectre V2 : Mitigation: Full generic retpoline
[    0.264056] Spectre V2 : Spectre v2 / SpectreRSB mitigation: Filling RSB on context switch
[    0.266651] Speculative Store Bypass: Vulnerable
[    0.268744] MDS: Vulnerable: Clear CPU buffers attempted, no microcode
[    0.275128] Freeing SMP alternatives memory: 36K
[    0.284728] ftrace: allocating 32312 entries in 127 pages
[    0.387529] smpboot: APIC(0) Converting physical 0 to logical package 0
[    0.389590] smpboot: Max logical packages: 1
[    0.390921] x2apic enabled
[    0.392489] Switched APIC routing to physical x2apic.
[    0.396369] ..TIMER: vector=0x30 apic1=0 pin1=2 apic2=-1 pin2=-1
[    0.505276] smpboot: CPU0: Intel(R) Core(TM) i5-7200U CPU @ 2.50GHz (family: 0x6, model: 0x8e, stepping: 0x9)
[    0.508923] Performance Events: unsupported p6 CPU model 142 no PMU driver, software events only.
[    0.526414] KVM setup paravirtual spinlock
[    0.528345] x86: Booting SMP configuration:
[    0.529412] .... node  #0, CPUs:      #1
[    0.530702] kvm-clock: cpu 1, msr 0:3ffe3041, secondary cpu clock
[    0.533778] mce: CPU supports 0 MCE banks
[    0.536622] x86: Booted up 1 node, 2 CPUs
[    0.538324] smpboot: Total of 2 processors activated (10848.00 BogoMIPS)
[    0.541423] devtmpfs: initialized
[    0.546234] evm: security.selinux
[    0.547492] evm: security.SMACK64
[    0.548593] evm: security.SMACK64EXEC
[    0.549729] evm: security.SMACK64TRANSMUTE
[    0.550784] evm: security.SMACK64MMAP
[    0.551862] evm: security.ima
[    0.552968] evm: security.capability
[    0.554210] clocksource: jiffies: mask: 0xffffffff max_cycles: 0xffffffff, max_idle_ns: 7645041785100000 ns
[    0.557016] futex hash table entries: 512 (order: 3, 32768 bytes)
[    0.559210] pinctrl core: initialized pinctrl subsystem
[    0.563343] RTC time:  8:59:56, date: 08/16/19
[    0.564895] NET: Registered protocol family 16
[    0.578298] cpuidle: using governor ladder
[    0.590132] cpuidle: using governor menu
[    0.591648] PCCT header not found.
[    0.592841] ACPI: bus type PCI registered
[    0.594111] acpiphp: ACPI Hot Plug PCI Controller Driver version: 0.5
[    0.595984] PCI: Using configuration type 1 for base access
[    0.610756] ACPI: Added _OSI(Module Device)
[    0.612446] ACPI: Added _OSI(Processor Device)
[    0.613872] ACPI: Added _OSI(3.0 _SCP Extensions)
[    0.615242] ACPI: Added _OSI(Processor Aggregator Device)
[    0.618123] ACPI: Executed 1 blocks of module-level executable AML code
[    0.623118] ACPI: Interpreter enabled
[    0.624624] ACPI: (supports S0 S5)
[    0.626119] ACPI: Using IOAPIC for interrupt routing
[    0.627985] PCI: Using host bridge windows from ACPI; if necessary, use "pci=nocrs" and report a bug
[    0.637405] ACPI: PCI Root Bridge [PCI0] (domain 0000 [bus 00-ff])
[    0.639604] acpi PNP0A03:00: _OSC: OS supports [ASPM ClockPM Segments MSI]
[    0.642948] acpi PNP0A03:00: _OSC: not requesting OS control; OS requires [ExtendedConfig ASPM ClockPM MSI]
[    0.647963] acpi PNP0A03:00: fail to add MMCONFIG information, can't access extended PCI configuration space under this bridge.
[    0.653218] PCI host bridge to bus 0000:00
[    0.656168] pci_bus 0000:00: root bus resource [io  0x0000-0x0cf7 window]
[    0.658812] pci_bus 0000:00: root bus resource [io  0x0d00-0xffff window]
[    0.661024] pci_bus 0000:00: root bus resource [mem 0x000a0000-0x000bffff window]
[    0.664979] pci_bus 0000:00: root bus resource [mem 0x40000000-0xfdffffff window]
[    0.668788] pci_bus 0000:00: root bus resource [bus 00-ff]
[    0.674703] pci 0000:00:01.1: legacy IDE quirk: reg 0x10: [io  0x01f0-0x01f7]
[    0.677385] pci 0000:00:01.1: legacy IDE quirk: reg 0x14: [io  0x03f6]
[    0.679676] pci 0000:00:01.1: legacy IDE quirk: reg 0x18: [io  0x0170-0x0177]
[    0.681765] pci 0000:00:01.1: legacy IDE quirk: reg 0x1c: [io  0x0376]
[    0.717478] pci 0000:00:07.0: quirk: [io  0x4000-0x403f] claimed by PIIX4 ACPI
[    0.741801] pci 0000:00:07.0: quirk: [io  0x4100-0x410f] claimed by PIIX4 SMB
[    0.761487] ACPI: PCI Interrupt Link [LNKA] (IRQs 5 9 10 *11)
[    0.764172] ACPI: PCI Interrupt Link [LNKB] (IRQs 5 9 *10 11)
[    0.766735] ACPI: PCI Interrupt Link [LNKC] (IRQs 5 *9 10 11)
[    0.769168] ACPI: PCI Interrupt Link [LNKD] (IRQs 5 9 10 *11)
[    0.771845] ACPI: Enabled 2 GPEs in block 00 to 07
[    0.774648] vgaarb: setting as boot device: PCI:0000:00:02.0
[    0.776185] vgaarb: device added: PCI:0000:00:02.0,decodes=io+mem,owns=io+mem,locks=none
[    0.778745] vgaarb: loaded
[    0.779892] vgaarb: bridge control possible 0000:00:02.0
[    0.781955] SCSI subsystem initialized
[    0.783656] ACPI: bus type USB registered
[    0.784924] usbcore: registered new interface driver usbfs
[    0.786588] usbcore: registered new interface driver hub
[    0.788038] usbcore: registered new device driver usb
[    0.790789] PCI: Using ACPI for IRQ routing
[    0.792961] NetLabel: Initializing
[    0.794188] NetLabel:  domain hash size = 128
[    0.795570] NetLabel:  protocols = UNLABELED CIPSOv4
[    0.798932] NetLabel:  unlabeled traffic allowed by default
[    0.801308] amd_nb: Cannot enumerate AMD northbridges
[    0.803030] clocksource: Switched to clocksource kvm-clock
[    0.815497] AppArmor: AppArmor Filesystem Enabled
[    0.817090] pnp: PnP ACPI init
[    0.819410] pnp: PnP ACPI: found 3 devices
[    0.838753] clocksource: acpi_pm: mask: 0xffffff max_cycles: 0xffffff, max_idle_ns: 2085701024 ns
[    0.841714] NET: Registered protocol family 2
[    0.843325] TCP established hash table entries: 8192 (order: 4, 65536 bytes)
[    0.845221] TCP bind hash table entries: 8192 (order: 5, 131072 bytes)
[    0.847012] TCP: Hash tables configured (established 8192 bind 8192)
[    0.848629] UDP hash table entries: 512 (order: 2, 16384 bytes)
[    0.850484] UDP-Lite hash table entries: 512 (order: 2, 16384 bytes)
[    0.852619] NET: Registered protocol family 1
[    0.854172] pci 0000:00:00.0: Limiting direct PCI/PCI transfers
[    0.856424] pci 0000:00:01.0: Activating ISA DMA hang workarounds
[    0.858529] Unpacking initramfs...
[    1.240981] Freeing initrd memory: 14824K
[    1.242098] clocksource: tsc: mask: 0xffffffffffffffff max_cycles: 0x2717868ea45, max_idle_ns: 440795316085 ns
[    1.244988] platform rtc_cmos: registered platform RTC device (no PNP device found)
[    1.247190] Scanning for low memory corruption every 60 seconds
[    1.249608] audit: initializing netlink subsys (disabled)
[    1.250990] audit: type=2000 audit(1565946001.801:1): initialized
[    1.253270] Initialise system trusted keyring
[    1.254846] HugeTLB registered 2 MB page size, pre-allocated 0 pages
[    1.258813] zbud: loaded
[    1.261010] VFS: Disk quotas dquot_6.6.0
[    1.262311] VFS: Dquot-cache hash table entries: 512 (order 0, 4096 bytes)
[    1.264477] squashfs: version 4.0 (2009/01/31) Phillip Lougher
[    1.266611] fuse init (API version 7.23)
[    1.268639] Key type big_key registered
[    1.270042] Allocating IMA MOK and blacklist keyrings.
[    1.274037] Key type asymmetric registered
[    1.275791] Asymmetric key parser 'x509' registered
[    1.277375] Block layer SCSI generic (bsg) driver version 0.4 loaded (major 249)
[    1.279949] io scheduler noop registered
[    1.281172] io scheduler deadline registered (default)
[    1.283095] io scheduler cfq registered
[    1.284345] pci_hotplug: PCI Hot Plug PCI Core version: 0.5
[    1.285793] pciehp: PCI Express Hot Plug Controller Driver version: 0.4
[    1.287663] ACPI: AC Adapter [AC] (off-line)
[    1.289161] input: Power Button as /devices/LNXSYSTM:00/LNXPWRBN:00/input/input0
[    1.291386] ACPI: Power Button [PWRF]
[    1.292576] input: Sleep Button as /devices/LNXSYSTM:00/LNXSLPBN:00/input/input1
[    1.294396] ACPI: Sleep Button [SLPF]
[    1.295949] GHES: HEST is not enabled!
[    1.298085] ACPI: Battery Slot [BAT0] (battery present)
[    1.299667] Serial: 8250/16550 driver, 32 ports, IRQ sharing enabled
[    1.322219] 00:02: ttyS0 at I/O 0x3f8 (irq = 4, base_baud = 115200) is a 16550A
[    1.325923] Linux agpgart interface v0.103
[    1.329626] loop: module loaded
[    1.331759] scsi host0: ata_piix
[    1.333194] scsi host1: ata_piix
[    1.334413] ata1: PATA max UDMA/33 cmd 0x1f0 ctl 0x3f6 bmdma 0xd000 irq 14
[    1.336413] ata2: PATA max UDMA/33 cmd 0x170 ctl 0x376 bmdma 0xd008 irq 15
[    1.338384] libphy: Fixed MDIO Bus: probed
[    1.339865] tun: Universal TUN/TAP device driver, 1.6
[    1.341260] tun: (C) 1999-2004 Max Krasnyansky <maxk@qualcomm.com>
[    1.343170] PPP generic driver version 2.4.2
[    1.344708] ehci_hcd: USB 2.0 'Enhanced' Host Controller (EHCI) Driver
[    1.346546] ehci-pci: EHCI PCI platform driver
[    1.347935] ehci-platform: EHCI generic platform driver
[    1.349341] ohci_hcd: USB 1.1 'Open' Host Controller (OHCI) Driver
[    1.351392] ohci-pci: OHCI PCI platform driver
[    1.353060] ohci-platform: OHCI generic platform driver
[    1.354797] uhci_hcd: USB Universal Host Controller Interface driver
[    1.357227] i8042: PNP: PS/2 Controller [PNP0303:PS2K,PNP0f03:PS2M] at 0x60,0x64 irq 1,12
[    1.360460] serio: i8042 KBD port at 0x60,0x64 irq 1
[    1.361950] serio: i8042 AUX port at 0x60,0x64 irq 12
[    1.363707] mousedev: PS/2 mouse device common for all mice
[    1.365886] rtc_cmos rtc_cmos: rtc core: registered rtc_cmos as rtc0
[    1.368005] rtc_cmos rtc_cmos: alarms up to one day, 114 bytes nvram
[    1.369942] i2c /dev entries driver
[    1.371056] input: AT Translated Set 2 keyboard as /devices/platform/i8042/serio0/input/input2
[    1.373851] device-mapper: uevent: version 1.0.3
[    1.375165] device-mapper: ioctl: 4.34.0-ioctl (2015-10-28) initialised: dm-devel@redhat.com
[    1.377472] ledtrig-cpu: registered to indicate activity on CPUs
[    1.379827] NET: Registered protocol family 10
[    1.381265] NET: Registered protocol family 17
[    1.382628] Key type dns_resolver registered
[    1.384527] registered taskstats version 1
[    1.386162] Loading compiled-in X.509 certificates
[    1.388508] Loaded X.509 cert 'Build time autogenerated kernel key: 3e01e6df98386236d59670e6b2ed19a044d5324e'
[    1.392136] zswap: loaded using pool lzo/zbud
[    1.397137] Key type trusted registered
[    1.404785] Key type encrypted registered
[    1.406246] AppArmor: AppArmor sha1 policy hashing enabled
[    1.407600] ima: No TPM chip found, activating TPM-bypass!
[    1.409016] ima: Allocated hash algorithm: sha1
[    1.410203] evm: HMAC attrs: 0x1
[    1.411987]   Magic number: 15:503:978
[    1.413186] rtc_cmos rtc_cmos: setting system clock to 2019-08-16 08:59:57 UTC (1565945997)
[    1.415459] BIOS EDD facility v0.16 2004-Jun-25, 0 devices found
[    1.416816] EDD information not available.
[    1.498918] Freeing unused kernel memory: 1484K
[    1.502242] Write protecting the kernel read-only data: 14336k
[    1.506809] Freeing unused kernel memory: 1612K
[    1.510051] Freeing unused kernel memory: 64K
Loading, please wait...
starting version 229
[    1.543521] random: systemd-udevd: uninitialized urandom read (16 bytes read, 3 bits of entropy available)
[    1.545137] random: udevadm: uninitialized urandom read (16 bytes read, 3 bits of entropy available)
[    1.545190] random: udevadm: uninitialized urandom read (16 bytes read, 3 bits of entropy available)
[    1.559667] random: systemd-udevd: uninitialized urandom read (16 bytes read, 3 bits of entropy available)
[    1.565278] random: udevadm: uninitialized urandom read (16 bytes read, 3 bits of entropy available)
[    1.565396] random: udevadm: uninitialized urandom read (16 bytes read, 3 bits of entropy available)
[    1.565683] random: udevadm: uninitialized urandom read (16 bytes read, 3 bits of entropy available)
[    1.565857] random: udevadm: uninitialized urandom read (16 bytes read, 3 bits of entropy available)
[    1.565957] random: udevadm: uninitialized urandom read (16 bytes read, 3 bits of entropy available)
[    1.566056] random: udevadm: uninitialized urandom read (16 bytes read, 3 bits of entropy available)
[    1.629816] Fusion MPT base driver 3.04.20
[    1.631398] Copyright (c) 1999-2008 LSI Corporation
[    1.633360] e1000: Intel(R) PRO/1000 Network Driver - version 7.3.21-k8-NAPI
[    1.635905] e1000: Copyright (c) 1999-2006 Intel Corporation.
[    1.643734] Fusion MPT SPI Host driver 3.04.20
[    1.697899] AVX2 version of gcm_enc/dec engaged.
[    1.699189] AES CTR mode by8 optimization enabled
[    1.849592] input: ImExPS/2 Generic Explorer Mouse as /devices/platform/i8042/serio1/input/input4
[    2.123695] e1000 0000:00:03.0 eth0: (PCI:33MHz:32-bit) 02:c2:66:bb:16:6d
[    2.127103] e1000 0000:00:03.0 eth0: Intel(R) PRO/1000 Network Connection
[    2.131949] mptbase: ioc0: Initiating bringup
[    2.196174] ioc0: LSI53C1030 A0: Capabilities={Initiator}
[    2.367896] scsi host2: ioc0: LSI53C1030 A0, FwRev=00000000h, Ports=1, MaxQ=256, IRQ=20
[    2.487527] scsi 2:0:0:0: Direct-Access     VBOX     HARDDISK         1.0  PQ: 0 ANSI: 5
[    2.495054] scsi target2:0:0: Beginning Domain Validation
[    2.503478] scsi target2:0:0: Domain Validation skipping write tests
[    2.508268] scsi target2:0:0: Ending Domain Validation
[    2.526522] scsi target2:0:0: asynchronous
[    2.566814] scsi 2:0:1:0: Direct-Access     VBOX     HARDDISK         1.0  PQ: 0 ANSI: 5
[    2.571631] scsi target2:0:1: Beginning Domain Validation
[    2.577107] scsi target2:0:1: Domain Validation skipping write tests
[    2.579761] scsi target2:0:1: Ending Domain Validation
[    2.581845] scsi target2:0:1: asynchronous
[    2.600272] sd 2:0:0:0: Attached scsi generic sg0 type 0
[    2.602506] sd 2:0:0:0: [sda] 20971520 512-byte logical blocks: (10.7 GB/10.0 GiB)
[    2.627103] sd 2:0:1:0: [sdb] 20480 512-byte logical blocks: (10.5 MB/10.0 MiB)
[    2.630046] sd 2:0:1:0: Attached scsi generic sg1 type 0
[    2.631748] sd 2:0:1:0: [sdb] Write Protect is off
[    2.633445] sd 2:0:1:0: [sdb] Incomplete mode parameter data
[    2.635127] sd 2:0:1:0: [sdb] Assuming drive cache: write through
[    2.637230] sd 2:0:0:0: [sda] Write Protect is off
[    2.639216] sd 2:0:0:0: [sda] Incomplete mode parameter data
[    2.641009] sd 2:0:0:0: [sda] Assuming drive cache: write through
[    2.647028]  sda: sda1
[    2.648684] sd 2:0:1:0: [sdb] Attached SCSI disk
[    2.650177] sd 2:0:0:0: [sda] Attached SCSI disk
[    2.956773] e1000 0000:00:08.0 eth1: (PCI:33MHz:32-bit) 08:00:27:22:0a:e5
[    2.960116] e1000 0000:00:08.0 eth1: Intel(R) PRO/1000 Network Connection
[    2.972098] e1000 0000:00:08.0 enp0s8: renamed from eth1
[    2.983956] e1000 0000:00:03.0 enp0s3: renamed from eth0
Begin: Loading essential drivers ... [    4.691376] md: linear personality registered for level -1
[    4.696237] md: multipath personality registered for level -4
[    4.701701] md: raid0 personality registered for level 0
[    4.708194] md: raid1 personality registered for level 1
[    4.779549] raid6: sse2x1   gen()  7157 MB/s
[    4.847148] raid6: sse2x1   xor()  5104 MB/s
[    4.915311] raid6: sse2x2   gen()  8559 MB/s
[    4.984040] raid6: sse2x2   xor()  4493 MB/s
[    5.051200] raid6: sse2x4   gen()  4450 MB/s
[    5.119194] raid6: sse2x4   xor()  2106 MB/s
[    5.187318] raid6: avx2x1   gen()  7852 MB/s
[    5.255542] raid6: avx2x2   gen() 12764 MB/s
[    5.323153] raid6: avx2x4   gen() 11250 MB/s
[    5.331738] raid6: using algorithm avx2x2 gen() 12764 MB/s
[    5.341014] raid6: using avx2x2 recovery algorithm
[    5.346741] xor: automatically using best checksumming function:
[    5.387246]    avx       : 10181.000 MB/sec
[    5.394827] async_tx: api initialized (async)
[    5.426510] md: raid6 personality registered for level 6
[    5.430821] md: raid5 personality registered for level 5
[    5.433095] md: raid4 personality registered for level 4
[    5.448494] md: raid10 personality registered for level 10
done.
Begin: Running /scripts/init-premount ... done.
Begin: Mounting root file system ... Begin: Running /scripts/local-top ... done.
Begin: Running /scripts/local-premount ... [    5.515178] Btrfs loaded
Scanning for Btrfs filesystems
done.
Warning: fsck not present, so skipping root file system
[    5.559443] EXT4-fs (sda1): mounted filesystem with ordered data mode. Opts: (null)
done.
Begin: Running /scripts/local-bottom ... done.
Begin: Running /scripts/init-bottom ... done.
[    5.702058] systemd[1]: systemd 229 running in system mode. (+PAM +AUDIT +SELINUX +IMA +APPARMOR +SMACK +SYSVINIT +UTMP +LIBCRYPTSETUP +GCRYPT +GNUTLS +ACL +XZ -LZ4 +SECCOMP +BLKID +ELFUTILS +KMOD -IDN)
[    5.710758] systemd[1]: Detected virtualization oracle.
[    5.712454] systemd[1]: Detected architecture x86-64.

Welcome to [1mUbuntu 16.04.6 LTS[0m!

[    5.724287] systemd[1]: Set hostname to <ubuntu-xenial>.
[    5.900004] systemd[1]: Listening on /dev/initctl Compatibility Named Pipe.
[[0;32m  OK  [0m] Listening on /dev/initctl Compatibility Named Pipe.
[    5.903090] systemd[1]: Listening on LVM2 metadata daemon socket.
[[0;32m  OK  [0m] Listening on LVM2 metadata daemon socket.
[    5.906306] systemd[1]: Set up automount Arbitrary Executable File Formats File System Automount Point.
[[0;32m  OK  [0m] Set up automount Arbitrary Executab...ats File System Automount Point.
[    6.087888] systemd[1]: Listening on Journal Socket (/dev/log).
[[0;32m  OK  [0m] Listening on Journal Socket (/dev/log).
[    6.093594] systemd[1]: Listening on udev Control Socket.
[[0;32m  OK  [0m] Listening on udev Control Socket.
[    6.105846] systemd[1]: Listening on Journal Socket.
[[0;32m  OK  [0m] Listening on Journal Socket.
[    6.110825] systemd[1]: Created slice System Slice.
[[0;32m  OK  [0m] Created slice System Slice.
[    6.127336] systemd[1]: Starting Nameserver information manager...
         Starting Nameserver information manager...
[    6.136240] systemd[1]: Starting Uncomplicated firewall...
         Starting Uncomplicated firewall...
[    6.143946] systemd[1]: Starting Set console keymap...
         Starting Set console keymap...
[    6.156235] systemd[1]: Starting Load Kernel Modules...
         Starting Load Kernel Modules...
[    6.164322] systemd[1]: Listening on udev Kernel Socket.
[[0;32m  OK  [0m] Listening on udev Kernel Socket.
[    6.179140] Loading iSCSI transport class v2.0-870.
[    6.193931] iscsi: registered transport (tcp)
[    6.199768] systemd[1]: Mounting Huge Pages File System...
         Mounting Huge Pages File System...
[    6.205502] systemd[1]: Listening on Syslog Socket.
[[0;32m  OK  [0m] Listening on Syslog Socket.
[    6.211027] systemd[1]: Starting Remount Root and Kernel File Systems...
[    6.217578] EXT4-fs (sda1): re-mounted. Opts: (null)
         Starting Remount Root and Kernel File Systems...
[    6.232203] systemd[1]: Created slice system-serial\x2dgetty.slice.
[[0;32m  OK  [0m] Created slice system-serial\x2dgetty.slice.
[    6.239986] systemd[1]: Started Trigger resolvconf update for networkd DNS.
[[0;32m  OK  [0m] Started Trigger resolvconf update for networkd DNS.
[    6.245911] systemd[1]: Reached target Swap.
[[0;32m  OK  [0m] Reached target Swap.
[    6.267492] systemd[1]: Mounting Debug File System...
         Mounting Debug File System...
[    6.284839] systemd[1]: Listening on LVM2 poll daemon socket.
[[0;32m  OK  [0m] Listening on LVM2 poll daemon socket.
[    6.291803] systemd[1]: Created slice User and Session Slice.
[    6.293466] iscsi: registered transport (iser)
[[0;32m  OK  [0m] Created slice User and Session Slice.
[    6.297668] systemd[1]: Reached target Slices.
[[0;32m  OK  [0m] Reached target Slices.
[    6.307661] systemd[1]: Reached target System Time Synchronized.
[[0;32m  OK  [0m] Reached target System Time Synchronized.
[    6.315444] systemd[1]: Reached target User and Group Name Lookups.
[[0;32m  OK  [0m] Reached target User and Group Name Lookups.
[    6.323346] systemd[1]: Listening on Journal Audit Socket.
[[0;32m  OK  [0m] Listening on Journal Audit Socket.
[    6.335280] systemd[1]: Starting Create list of required static device nodes for the current kernel...
         Starting Create list of required st... nodes for the current kernel...
[    6.340318] systemd[1]: Started Forward Password Requests to Wall Directory Watch.
[[0;32m  OK  [0m] Started Forward Password Requests to Wall Directory Watch.
[    6.345740] systemd[1]: Reached target Encrypted Volumes.
[[0;32m  OK  [0m] Reached target Encrypted Volumes.
[    6.349863] systemd[1]: Listening on Device-mapper event daemon FIFOs.
[[0;32m  OK  [0m] Listening on Device-mapper event daemon FIFOs.
[    6.356092] systemd[1]: Starting Monitoring of LVM2 mirrors, snapshots etc. using dmeventd or progress polling...
         Starting Monitoring of LVM2 mirrors... dmeventd or progress polling...
[    6.364578] systemd[1]: Mounting POSIX Message Queue File System...
         Mounting POSIX Message Queue File System...
[    6.370471] systemd[1]: Starting Journal Service...
         Starting Journal Service...
[    6.393764] systemd[1]: Mounted Huge Pages File System.
[[0;32m  OK  [0m] Mounted Huge Pages File System.
[    6.400563] systemd[1]: Mounted Debug File System.
[[0;32m  OK  [0m] Mounted Debug File System.
[    6.408386] systemd[1]: Mounted POSIX Message Queue File System.
[[0;32m  OK  [0m] Mounted POSIX Message Queue File System.
[    6.416786] systemd[1]: Started Uncomplicated firewall.
[[0;32m  OK  [0m] Started Uncomplicated firewall.
[    6.423440] systemd[1]: Started Set console keymap.
[[0;32m  OK  [0m] Started Set console keymap.
[    6.429477] systemd[1]: Started Load Kernel Modules.
[[0;32m  OK  [0m] Started Load Kernel Modules.
[    6.435141] systemd[1]: Started Remount Root and Kernel File Systems.
[[0;32m  OK  [0m] Started Remount Root and Kernel File Systems.
[    6.444758] systemd[1]: Started Create list of required static device nodes for the current kernel.
[[0;32m  OK  [0m] Started Create list of required sta...ce nodes for the current kernel.
[    6.455972] systemd[1]: Started Nameserver information manager.
[[0;32m  OK  [0m[    6.457744] random: nonblocking pool is initialized
] Started Nameserver information manager.
[    6.463003] systemd[1]: Started Journal Service.
[[0;32m  OK  [0m] Started Journal Service.
[[0;32m  OK  [0m] Started LVM2 metadata daemon.
         Starting Create Static Device Nodes in /dev...
         Starting Load/Save Random Seed...
         Starting Flush Journal to Persistent Storage...
         Starting udev Coldplug all Devices...
         Mounting FUSE Control File System...
         Starting Apply Kernel Variables...
[[0;32m  OK  [0m] Started Load/Save Random Seed.
[[0;32m  OK  [0m] Mounted FUSE Control File System.
[[0;32m  OK  [0m] Started Create Static Device Nodes in /dev.
[[0;32m  OK  [0m] Started Apply Kernel Variables.
[[0;32m  OK  [0m] Started udev Coldplug all Devices.
[[0;32m  OK  [0m] Started Flush Journal to Persistent Storage.
         Starting udev Kernel Device Manager...
[[0;32m  OK  [0m] Started udev Kernel Device Manager.
[[0;32m  OK  [0m] Started Dispatch Password Requests to Console Directory Watch.
[[0;32m  OK  [0m] Started Monitoring of LVM2 mirrors,...ng dmeventd or progress polling.
[[0;32m  OK  [0m] Reached target Local File Systems (Pre).
[[0;32m  OK  [0m] Reached target Local File Systems.
         Starting Set console font and keymap...
         Starting Create Volatile Files and Directories...
         Starting LSB: AppArmor initialization...
         Starting Tell Plymouth To Write Out Runtime Data...
         Starting Initial cloud-init job (pre-networking)...
[[0;32m  OK  [0m] Started Tell Plymouth To Write Out Runtime Data.
[[0;32m  OK  [0m] Started Create Volatile Files and Directories.
         Starting Update UTMP about System Boot/Shutdown...
[[0;32m  OK  [0m] Started Update UTMP about System Boot/Shutdown.
[[0;32m  OK  [0m] Started LSB: AppArmor initialization.
[[0;32m  OK  [0m] Found device /dev/ttyS0.
[[0;32m  OK  [0m] Listening on Load/Save RF Kill Switch Status /dev/rfkill Watch.
[[0;32m  OK  [0m] Found device 82540EM Gigabit Ethern...r (PRO/1000 MT Desktop Adapter).
[[0;32m  OK  [0m] Found device 82540EM Gigabit Ethern...r (PRO/1000 MT Desktop Adapter).
[    7.917190] cloud-init[512]: Cloud-init v. 19.1-1-gbaa47854-0ubuntu1~16.04.1 running 'init-local' at Fri, 16 Aug 2019 09:00:03 +0000. Up 7.46 seconds.
[[0;32m  OK  [0m] Started Initial cloud-init job (pre-networking).
[[0;32m  OK  [0m] Reached target Network (Pre).
[[0;32m  OK  [0m] Started ifup for enp0s3.
         Starting Raise network interfaces...
[[0;32m  OK  [0m] Started ifup for enp0s8.
[[0;32m  OK  [0m] Started Set console font and keymap.
[[0;32m  OK  [0m] Created slice system-getty.slice.
[[0;32m  OK  [0m] Started Raise network interfaces.
[[0;32m  OK  [0m] Reached target Network.
         Starting Initial cloud-init job (metadata service crawler)...
[    9.596340] cloud-init[1108]: Cloud-init v. 19.1-1-gbaa47854-0ubuntu1~16.04.1 running 'init' at Fri, 16 Aug 2019 09:00:05 +0000. Up 8.99 seconds.
[    9.600870] cloud-init[1108]: ci-info: ++++++++++++++++++++++++++++++++++++++Net device info++++++++++++++++++++++++++++++++++++++
[    9.604273] cloud-init[1108]: ci-info: +--------+------+----------------------------+---------------+--------+-------------------+
[    9.607933] cloud-init[1108]: ci-info: | Device |  Up  |          Address           |      Mask     | Scope  |     Hw-Address    |
[    9.610288] cloud-init[1108]: ci-info: +--------+------+----------------------------+---------------+--------+-------------------+
[    9.613289] cloud-init[1108]: ci-info: | enp0s3 | True |         10.0.2.15          | 255.255.255.0 | global | 02:c2:66:bb:16:6d |
[    9.617551] cloud-init[1108]: ci-info: | enp0s3 | True | fe80::c2:66ff:febb:166d/64 |       .       |  link  | 02:c2:66:bb:16:6d |
[    9.629182] cloud-init[1108]: ci-info: | enp0s8 | True |       192.168.10.100       | 255.255.255.0 | global | 08:00:27:22:0a:e5 |
[    9.633348] cloud-init[1108]: ci-info: | enp0s8 | True | fe80::a00:27ff:fe22:ae5/64 |       .       |  link  | 08:00:27:22:0a:e5 |
[    9.635924] cloud-init[1108]: ci-info: |   lo   | True |         127.0.0.1          |   255.0.0.0   |  host  |         .         |
[    9.644842] cloud-init[1108]: ci-info: |   lo   | True |          ::1/128           |       .       |  host  |         .         |
[    9.652559] cloud-init[1108]: ci-info: +--------+------+----------------------------+---------------+--------+-------------------+
[    9.656011] cloud-init[1108]: ci-info: ++++++++++++++++++++++++++++Route IPv4 info++++++++++++++++++++++++++++
[    9.658923] cloud-init[1108]: ci-info: +-------+--------------+----------+---------------+-----------+-------+
[    9.661995] cloud-init[1108]: ci-info: | Route | Destination  | Gateway  |    Genmask    | Interface | Flags |
[    9.665118] cloud-init[1108]: ci-info: +-------+--------------+----------+---------------+-----------+-------+
[    9.670353] cloud-init[1108]: ci-info: |   0   |   0.0.0.0    | 10.0.2.2 |    0.0.0.0    |   enp0s3  |   UG  |
[    9.674643] cloud-init[1108]: ci-info: |   1   |   10.0.2.0   | 0.0.0.0  | 255.255.255.0 |   enp0s3  |   U   |
[    9.678737] cloud-init[1108]: ci-info: |   2   | 192.168.10.0 | 0.0.0.0  | 255.255.255.0 |   enp0s8  |   U   |
[    9.684780] cloud-init[1108]: ci-info: +-------+--------------+----------+---------------+-----------+-------+
[    9.688300] cloud-init[1108]: ci-info: +++++++++++++++++++Route IPv6 info+++++++++++++++++++
[    9.691726] cloud-init[1108]: ci-info: +-------+-------------+---------+-----------+-------+
[    9.702403] cloud-init[1108]: ci-info: | Route | Destination | Gateway | Interface | Flags |
[    9.706908] cloud-init[1108]: ci-info: +-------+-------------+---------+-----------+-------+
[    9.710799] cloud-init[1108]: ci-info: |   0   |  fe80::/64  |    ::   |   enp0s3  |   U   |
[    9.720617] cloud-init[1108]: ci-info: |   1   |  fe80::/64  |    ::   |   enp0s8  |   U   |
[    9.725091] cloud-init[1108]: ci-info: |   4   |   ff00::/8  |    ::   |   enp0s3  |   U   |
[    9.727188] cloud-init[1108]: ci-info: |   5   |   ff00::/8  |    ::   |   enp0s8  |   U   |
[    9.729704] cloud-init[1108]: ci-info: +-------+-------------+---------+-----------+-------+
[[0;32m  OK  [0m] Started Initial cloud-init job (metadata service crawler).
[[0;32m  OK  [0m] Reached target Cloud-config availability.
[[0;32m  OK  [0m] Reached target Network is Online.
         Starting iSCSI initiator daemon (iscsid)...
[[0;32m  OK  [0m] Reached target System Initialization.
[[0;32m  OK  [0m] Started Daily Cleanup of Temporary Directories.
         Starting Socket activation for snappy daemon.
[[0;32m  OK  [0m] Started Daily apt download activities.
         Starting LXD - unix socket.
[[0;32m  OK  [0m] Started Daily apt upgrade and clean activities.
[[0;32m  OK  [0m] Reached target Timers.
[[0;32m  OK  [0m] Listening on UUID daemon activation socket.
[[0;32m  OK  [0m] Listening on D-Bus System Message Bus Socket.
[[0;32m  OK  [0m] Listening on ACPID Listen Socket.
[[0;32m  OK  [0m] Started ACPI Events Check.
[[0;32m  OK  [0m] Reached target Paths.
[[0;32m  OK  [0m] Listening on Socket activation for snappy daemon.
[[0;32m  OK  [0m] Listening on LXD - unix socket.
[[0;32m  OK  [0m] Started iSCSI initiator daemon (iscsid).
         Starting Login to default iSCSI targets...
[[0;32m  OK  [0m] Reached target Sockets.
[[0;32m  OK  [0m] Reached target Basic System.
         Starting System Logging Service...
[[0;32m  OK  [0m] Started Regular background program processing daemon.
         Starting Accounts Service...
         Starting LXD - container startup/shutdown...
[[0;32m  OK  [0m] Started Deferred execution scheduler.
         Starting LSB: Record successful boot for GRUB...
         Starting LSB: MD monitoring daemon...
         Starting Virtualbox guest utils...
[[0;32m  OK  [0m] Started ACPI event daemon.
[[0;32m  OK  [0m] Started D-Bus System Message Bus.
         Starting OpenBSD Secure Shell server...
         Starting A high performance web server and a reverse proxy server...
         Starting /etc/rc.local Compatibility...
         Starting Login Service...
[[0;32m  OK  [0m] Started FUSE filesystem for LXC.
         Starting Snappy daemon...
[[0;32m  OK  [0m] Started System Logging Service.
[[0;32m  OK  [0m] Started /etc/rc.local Compatibility.
[[0;32m  OK  [0m] Started Login to default iSCSI targets.
[[0;32m  OK  [0m] Started OpenBSD Secure Shell server.
[[0;32m  OK  [0m] Started LSB: Record successful boot for GRUB.
[[0;32m  OK  [0m] Started LXD - container startup/shutdown.
[[0;32m  OK  [0m] Started LSB: MD monitoring daemon.
         Starting Authenticate and Authorize Users to Run Privileged Tasks...
[[0;32m  OK  [0m] Reached target Remote File Systems (Pre).
[[0;32m  OK  [0m] Reached target Remote File Systems.
         Starting LSB: automatic crash report generation...
         Starting Permit User Sessions...
         Starting LSB: Set the CPU Frequency Scaling governor to "ondemand"...
         Starting LSB: daemon to balance interrupts for SMP systems...
[[0;32m  OK  [0m] Started Login Service.
[[0;32m  OK  [0m] Started A high performance web server and a reverse proxy server.
[[0;32m  OK  [0m] Started Permit User Sessions.
[[0;32m  OK  [0m] Started Virtualbox guest utils.
         Starting Terminate Plymouth Boot Screen...
         Starting Hold until boot process finishes up...
[[0;32m  OK  [0m] Started Unattended Upgrades Shutdown.
[[0;32m  OK  [0m] Started LSB: automatic crash report generation.
[[0;32m  OK  [0m] Started LSB: Set the CPU Frequency Scaling governor to "ondemand".
[[0;32m  OK  [0m] Started LSB: daemon to balance interrupts for SMP systems.
[[0;32m  OK  [0m] Started Terminate Plymouth Boot Screen.
[[0;32m  OK  [0m] Started Hold until boot process finishes up.
[[0;32m  OK  [0m] Started Authenticate and Authorize Users to Run Privileged Tasks.
[[0;32m  OK  [0m] Started Accounts Service.
         Starting Set console scheme...
[[0;32m  OK  [0m] Started Serial Getty on ttyS0.
[[0;32m  OK  [0m] Started Getty on tty1.
[[0;32m  OK  [0m] Reached target Login Prompts.
[[0;32m  OK  [0m] Started Set console scheme.
[[0;32m  OK  [0m] Started Snappy daemon.
         Starting Wait until snapd is fully seeded...
[[0;32m  OK  [0m] Started Wait until snapd is fully seeded.
         Starting Apply the settings specified in cloud-config...
[[0;32m  OK  [0m] Reached target Multi-User System.
[[0;32m  OK  [0m] Reached target Graphical Interface.
         Starting Update UTMP about System Runlevel Changes...
[[0;32m  OK  [0m] Started Update UTMP about System Runlevel Changes.
[[0;32m  OK  [0m] Created slice User Slice of vagrant.
         Starting User Manager for UID 1000...
[[0;32m  OK  [0m] Started Session 1 of user vagrant.
[[0;32m  OK  [0m] Started User Manager for UID 1000.
[   11.575593] cloud-init[1373]: Cloud-init v. 19.1-1-gbaa47854-0ubuntu1~16.04.1 running 'modules:config' at Fri, 16 Aug 2019 09:00:07 +0000. Up 11.39 seconds.
[[0;32m  OK  [0m] Started Apply the settings specified in cloud-config.
         Starting Execute cloud user/final scripts...
[   12.319393] cloud-init[1448]: Cloud-init v. 19.1-1-gbaa47854-0ubuntu1~16.04.1 running 'modules:final' at Fri, 16 Aug 2019 09:00:08 +0000. Up 12.13 seconds.
[   12.322477] cloud-init[1448]: Cloud-init v. 19.1-1-gbaa47854-0ubuntu1~16.04.1 finished at Fri, 16 Aug 2019 09:00:08 +0000. Datasource DataSourceNoCloud [seed=/dev/sdb][dsmode=net].  Up 12.30 seconds
[[0;32m  OK  [0m] Started Execute cloud user/final scripts.
[[0;32m  OK  [0m] Reached target Cloud-init target.

Ubuntu 16.04.6 LTS ubuntu-xenial ttyS0

ubuntu-xenial login: 